[INFO] train with origin data
[INFO] model name : VOneBlock-bottle-to-32-AlexNet
[INFO] batch_size : 64, lr : 0.001, img_size: 28
[INFO] epochs : 10
train with cuda
Neuronal distributions gabor parameters
gabor filter kernel size : 25
gabor filter kernel size : 25
Model:  VOneAlexNet
optimizer       : Adam
cost function   : CrossEntropyLoss
Epoch: 0001 cost = 0.624597
Epoch: 0002 cost = 0.128263
Epoch: 0003 cost = 0.111196
Epoch: 0004 cost = 0.096494
Epoch: 0005 cost = 0.090044
Epoch: 0006 cost = 0.080495
Epoch: 0007 cost = 0.081542
Epoch: 0008 cost = 0.073827
Epoch: 0009 cost = 0.072949
Epoch: 0010 cost = 0.068659
save model safely weights/VOneBlock-bottle-to-32/VOneBlock-bottle-to-32-AlexNet-epochs-10.pt
