[INFO] validation start
[INFO] epochs:30, pre_trained:True, img_size:28
[INFO] model name : Basic_Linear_Regression
[INFO] saving pre-trained model to ./weights/tmp.pt
cp ./weights/original-data/Basic_Linear_Regression-epochs-10.pt ./weights/tmp.pt
[INFO] fine-tune Basic_Linear_Regression via tmp.pt
[INFO] epochs : 1

[INFO] model      : ./weights/tmp.pt
[INFO] model name   : Basic_Linear_Regression
[INFO] image size   : 28

[INFO] model      : ./weights/tmp.pt
[INFO] model name   : Basic_Linear_Regression
[INFO] image size   : 28
=======================================================================
fine-tuned model original    image accuracy : 98.367325%
fine-tuned model adversarial image accuracy : 0.060096%

=======================================================================
[INFO] fine-tuning with adversarial images
[INFO] batch_size : 64, lr : 0.0001, img_size: 28
[INFO] epochs : 1
[INFO] train with cuda
[INFO] getting data
[INFO] getting model ./weights/tmp.pt
Epoch: 0001 cost = 11.341322899
[INFO] saving model
[INFO] epochs : 2

[INFO] model      : ./weights/tmp.pt
[INFO] model name   : Basic_Linear_Regression
[INFO] image size   : 28

[INFO] model      : ./weights/tmp.pt
[INFO] model name   : Basic_Linear_Regression
[INFO] image size   : 28
=======================================================================
fine-tuned model original    image accuracy : 95.312485%
fine-tuned model adversarial image accuracy : 60.516834%

=======================================================================
[INFO] fine-tuning with adversarial images
[INFO] batch_size : 64, lr : 0.0001, img_size: 28
[INFO] epochs : 1
[INFO] train with cuda
[INFO] getting data
[INFO] getting model ./weights/tmp.pt
Epoch: 0001 cost = 1.864929914
[INFO] saving model
[INFO] epochs : 3

[INFO] model      : ./weights/tmp.pt
[INFO] model name   : Basic_Linear_Regression
[INFO] image size   : 28

[INFO] model      : ./weights/tmp.pt
[INFO] model name   : Basic_Linear_Regression
[INFO] image size   : 28
=======================================================================
fine-tuned model original    image accuracy : 93.108971%
fine-tuned model adversarial image accuracy : 59.144634%

=======================================================================
[INFO] fine-tuning with adversarial images
[INFO] batch_size : 64, lr : 0.0001, img_size: 28
[INFO] epochs : 1
[INFO] train with cuda
[INFO] getting data
[INFO] getting model ./weights/tmp.pt
Epoch: 0001 cost = 1.763216615
[INFO] saving model
[INFO] epochs : 4

[INFO] model      : ./weights/tmp.pt
[INFO] model name   : Basic_Linear_Regression
[INFO] image size   : 28

[INFO] model      : ./weights/tmp.pt
[INFO] model name   : Basic_Linear_Regression
[INFO] image size   : 28
=======================================================================
fine-tuned model original    image accuracy : 92.317703%
fine-tuned model adversarial image accuracy : 58.052887%

=======================================================================
[INFO] fine-tuning with adversarial images
[INFO] batch_size : 64, lr : 0.0001, img_size: 28
[INFO] epochs : 1
[INFO] train with cuda
[INFO] getting data
[INFO] getting model ./weights/tmp.pt
Epoch: 0001 cost = 1.608070612
[INFO] saving model
[INFO] epochs : 5

[INFO] model      : ./weights/tmp.pt
[INFO] model name   : Basic_Linear_Regression
[INFO] image size   : 28

[INFO] model      : ./weights/tmp.pt
[INFO] model name   : Basic_Linear_Regression
[INFO] image size   : 28
=======================================================================
fine-tuned model original    image accuracy : 91.225952%
fine-tuned model adversarial image accuracy : 61.718750%

=======================================================================
[INFO] fine-tuning with adversarial images
[INFO] batch_size : 64, lr : 0.0001, img_size: 28
[INFO] epochs : 1
[INFO] train with cuda
[INFO] getting data
[INFO] getting model ./weights/tmp.pt
Epoch: 0001 cost = 1.313615203
[INFO] saving model
[INFO] epochs : 6

[INFO] model      : ./weights/tmp.pt
[INFO] model name   : Basic_Linear_Regression
[INFO] image size   : 28

[INFO] model      : ./weights/tmp.pt
[INFO] model name   : Basic_Linear_Regression
[INFO] image size   : 28
=======================================================================
fine-tuned model original    image accuracy : 90.114159%
fine-tuned model adversarial image accuracy : 67.948738%

=======================================================================
[INFO] fine-tuning with adversarial images
[INFO] batch_size : 64, lr : 0.0001, img_size: 28
[INFO] epochs : 1
[INFO] train with cuda
[INFO] getting data
[INFO] getting model ./weights/tmp.pt
Epoch: 0001 cost = 1.043803573
[INFO] saving model
[INFO] epochs : 7

[INFO] model      : ./weights/tmp.pt
[INFO] model name   : Basic_Linear_Regression
[INFO] image size   : 28

[INFO] model      : ./weights/tmp.pt
[INFO] model name   : Basic_Linear_Regression
[INFO] image size   : 28
=======================================================================
fine-tuned model original    image accuracy : 88.321327%
fine-tuned model adversarial image accuracy : 75.080132%

=======================================================================
[INFO] fine-tuning with adversarial images
[INFO] batch_size : 64, lr : 0.0001, img_size: 28
[INFO] epochs : 1
[INFO] train with cuda
[INFO] getting data
[INFO] getting model ./weights/tmp.pt
Epoch: 0001 cost = 0.789090276
[INFO] saving model
[INFO] epochs : 8

[INFO] model      : ./weights/tmp.pt
[INFO] model name   : Basic_Linear_Regression
[INFO] image size   : 28

[INFO] model      : ./weights/tmp.pt
[INFO] model name   : Basic_Linear_Regression
[INFO] image size   : 28
=======================================================================
fine-tuned model original    image accuracy : 87.710312%
fine-tuned model adversarial image accuracy : 81.029663%

=======================================================================
[INFO] fine-tuning with adversarial images
[INFO] batch_size : 64, lr : 0.0001, img_size: 28
[INFO] epochs : 1
[INFO] train with cuda
[INFO] getting data
[INFO] getting model ./weights/tmp.pt
Epoch: 0001 cost = 0.563116193
[INFO] saving model
[INFO] epochs : 9

[INFO] model      : ./weights/tmp.pt
[INFO] model name   : Basic_Linear_Regression
[INFO] image size   : 28

[INFO] model      : ./weights/tmp.pt
[INFO] model name   : Basic_Linear_Regression
[INFO] image size   : 28
=======================================================================
fine-tuned model original    image accuracy : 88.261230%
fine-tuned model adversarial image accuracy : 87.089355%

=======================================================================
[INFO] fine-tuning with adversarial images
[INFO] batch_size : 64, lr : 0.0001, img_size: 28
[INFO] epochs : 1
[INFO] train with cuda
[INFO] getting data
[INFO] getting model ./weights/tmp.pt
Epoch: 0001 cost = 0.377267003
[INFO] saving model
[INFO] epochs : 10

[INFO] model      : ./weights/tmp.pt
[INFO] model name   : Basic_Linear_Regression
[INFO] image size   : 28

[INFO] model      : ./weights/tmp.pt
[INFO] model name   : Basic_Linear_Regression
[INFO] image size   : 28
=======================================================================
fine-tuned model original    image accuracy : 87.870590%
fine-tuned model adversarial image accuracy : 91.045692%

=======================================================================
[INFO] fine-tuning with adversarial images
[INFO] batch_size : 64, lr : 0.0001, img_size: 28
[INFO] epochs : 1
[INFO] train with cuda
[INFO] getting data
[INFO] getting model ./weights/tmp.pt
Epoch: 0001 cost = 0.271571934
[INFO] saving model
[INFO] epochs : 11

[INFO] model      : ./weights/tmp.pt
[INFO] model name   : Basic_Linear_Regression
[INFO] image size   : 28

[INFO] model      : ./weights/tmp.pt
[INFO] model name   : Basic_Linear_Regression
[INFO] image size   : 28
=======================================================================
fine-tuned model original    image accuracy : 86.989174%
fine-tuned model adversarial image accuracy : 92.357780%

=======================================================================
[INFO] fine-tuning with adversarial images
[INFO] batch_size : 64, lr : 0.0001, img_size: 28
[INFO] epochs : 1
[INFO] train with cuda
[INFO] getting data
[INFO] getting model ./weights/tmp.pt
Epoch: 0001 cost = 0.210021839
[INFO] saving model
[INFO] epochs : 12

[INFO] model      : ./weights/tmp.pt
[INFO] model name   : Basic_Linear_Regression
[INFO] image size   : 28

[INFO] model      : ./weights/tmp.pt
[INFO] model name   : Basic_Linear_Regression
[INFO] image size   : 28
=======================================================================
fine-tuned model original    image accuracy : 87.079338%
fine-tuned model adversarial image accuracy : 94.310875%

=======================================================================
[INFO] fine-tuning with adversarial images
[INFO] batch_size : 64, lr : 0.0001, img_size: 28
[INFO] epochs : 1
[INFO] train with cuda
[INFO] getting data
[INFO] getting model ./weights/tmp.pt
Epoch: 0001 cost = 0.153199553
[INFO] saving model
[INFO] epochs : 13

[INFO] model      : ./weights/tmp.pt
[INFO] model name   : Basic_Linear_Regression
[INFO] image size   : 28

[INFO] model      : ./weights/tmp.pt
[INFO] model name   : Basic_Linear_Regression
[INFO] image size   : 28
=======================================================================
fine-tuned model original    image accuracy : 86.408249%
fine-tuned model adversarial image accuracy : 96.324081%

=======================================================================
[INFO] fine-tuning with adversarial images
[INFO] batch_size : 64, lr : 0.0001, img_size: 28
[INFO] epochs : 1
[INFO] train with cuda
[INFO] getting data
[INFO] getting model ./weights/tmp.pt
Epoch: 0001 cost = 0.109161139
[INFO] saving model
[INFO] epochs : 14

[INFO] model      : ./weights/tmp.pt
[INFO] model name   : Basic_Linear_Regression
[INFO] image size   : 28

[INFO] model      : ./weights/tmp.pt
[INFO] model name   : Basic_Linear_Regression
[INFO] image size   : 28
=======================================================================
fine-tuned model original    image accuracy : 83.924294%
fine-tuned model adversarial image accuracy : 96.995148%

=======================================================================
[INFO] fine-tuning with adversarial images
[INFO] batch_size : 64, lr : 0.0001, img_size: 28
[INFO] epochs : 1
[INFO] train with cuda
[INFO] getting data
[INFO] getting model ./weights/tmp.pt
Epoch: 0001 cost = 0.080192544
[INFO] saving model
[INFO] epochs : 15

[INFO] model      : ./weights/tmp.pt
[INFO] model name   : Basic_Linear_Regression
[INFO] image size   : 28

[INFO] model      : ./weights/tmp.pt
[INFO] model name   : Basic_Linear_Regression
[INFO] image size   : 28
=======================================================================
fine-tuned model original    image accuracy : 86.538483%
fine-tuned model adversarial image accuracy : 97.796440%

=======================================================================
[INFO] fine-tuning with adversarial images
[INFO] batch_size : 64, lr : 0.0001, img_size: 28
[INFO] epochs : 1
[INFO] train with cuda
[INFO] getting data
[INFO] getting model ./weights/tmp.pt
Epoch: 0001 cost = 0.059533630
[INFO] saving model
[INFO] epochs : 16

[INFO] model      : ./weights/tmp.pt
[INFO] model name   : Basic_Linear_Regression
[INFO] image size   : 28

[INFO] model      : ./weights/tmp.pt
[INFO] model name   : Basic_Linear_Regression
[INFO] image size   : 28
=======================================================================
fine-tuned model original    image accuracy : 85.316528%
fine-tuned model adversarial image accuracy : 98.267212%

=======================================================================
[INFO] fine-tuning with adversarial images
[INFO] batch_size : 64, lr : 0.0001, img_size: 28
[INFO] epochs : 1
[INFO] train with cuda
[INFO] getting data
[INFO] getting model ./weights/tmp.pt
Epoch: 0001 cost = 0.047896218
[INFO] saving model
[INFO] epochs : 17

[INFO] model      : ./weights/tmp.pt
[INFO] model name   : Basic_Linear_Regression
[INFO] image size   : 28

[INFO] model      : ./weights/tmp.pt
[INFO] model name   : Basic_Linear_Regression
[INFO] image size   : 28
=======================================================================
fine-tuned model original    image accuracy : 85.817322%
fine-tuned model adversarial image accuracy : 98.457512%

=======================================================================
[INFO] fine-tuning with adversarial images
[INFO] batch_size : 64, lr : 0.0001, img_size: 28
[INFO] epochs : 1
[INFO] train with cuda
[INFO] getting data
[INFO] getting model ./weights/tmp.pt
Epoch: 0001 cost = 0.040707339
[INFO] saving model
[INFO] epochs : 18

[INFO] model      : ./weights/tmp.pt
[INFO] model name   : Basic_Linear_Regression
[INFO] image size   : 28

[INFO] model      : ./weights/tmp.pt
[INFO] model name   : Basic_Linear_Regression
[INFO] image size   : 28
=======================================================================
fine-tuned model original    image accuracy : 87.099365%
fine-tuned model adversarial image accuracy : 98.657822%

=======================================================================
[INFO] fine-tuning with adversarial images
[INFO] batch_size : 64, lr : 0.0001, img_size: 28
[INFO] epochs : 1
[INFO] train with cuda
[INFO] getting data
[INFO] getting model ./weights/tmp.pt
Epoch: 0001 cost = 0.033156253
[INFO] saving model
[INFO] epochs : 19

[INFO] model      : ./weights/tmp.pt
[INFO] model name   : Basic_Linear_Regression
[INFO] image size   : 28

[INFO] model      : ./weights/tmp.pt
[INFO] model name   : Basic_Linear_Regression
[INFO] image size   : 28
=======================================================================
fine-tuned model original    image accuracy : 87.910667%
fine-tuned model adversarial image accuracy : 98.848137%

=======================================================================
[INFO] fine-tuning with adversarial images
[INFO] batch_size : 64, lr : 0.0001, img_size: 28
[INFO] epochs : 1
[INFO] train with cuda
[INFO] getting data
[INFO] getting model ./weights/tmp.pt
Epoch: 0001 cost = 0.029128768
[INFO] saving model
[INFO] epochs : 20

[INFO] model      : ./weights/tmp.pt
[INFO] model name   : Basic_Linear_Regression
[INFO] image size   : 28

[INFO] model      : ./weights/tmp.pt
[INFO] model name   : Basic_Linear_Regression
[INFO] image size   : 28
=======================================================================
fine-tuned model original    image accuracy : 87.389847%
fine-tuned model adversarial image accuracy : 98.858131%

=======================================================================
[INFO] fine-tuning with adversarial images
[INFO] batch_size : 64, lr : 0.0001, img_size: 28
[INFO] epochs : 1
[INFO] train with cuda
[INFO] getting data
[INFO] getting model ./weights/tmp.pt
Epoch: 0001 cost = 0.026019465
[INFO] saving model
[INFO] epochs : 21

[INFO] model      : ./weights/tmp.pt
[INFO] model name   : Basic_Linear_Regression
[INFO] image size   : 28

[INFO] model      : ./weights/tmp.pt
[INFO] model name   : Basic_Linear_Regression
[INFO] image size   : 28
=======================================================================
fine-tuned model original    image accuracy : 87.910667%
fine-tuned model adversarial image accuracy : 98.838112%

=======================================================================
[INFO] fine-tuning with adversarial images
[INFO] batch_size : 64, lr : 0.0001, img_size: 28
[INFO] epochs : 1
[INFO] train with cuda
[INFO] getting data
[INFO] getting model ./weights/tmp.pt
Epoch: 0001 cost = 0.023441879
[INFO] saving model
[INFO] epochs : 22

[INFO] model      : ./weights/tmp.pt
[INFO] model name   : Basic_Linear_Regression
[INFO] image size   : 28

[INFO] model      : ./weights/tmp.pt
[INFO] model name   : Basic_Linear_Regression
[INFO] image size   : 28
=======================================================================
fine-tuned model original    image accuracy : 88.541672%
fine-tuned model adversarial image accuracy : 98.878181%

=======================================================================
[INFO] fine-tuning with adversarial images
[INFO] batch_size : 64, lr : 0.0001, img_size: 28
[INFO] epochs : 1
[INFO] train with cuda
[INFO] getting data
[INFO] getting model ./weights/tmp.pt
Epoch: 0001 cost = 0.022003500
[INFO] saving model
[INFO] epochs : 23

[INFO] model      : ./weights/tmp.pt
[INFO] model name   : Basic_Linear_Regression
[INFO] image size   : 28

[INFO] model      : ./weights/tmp.pt
[INFO] model name   : Basic_Linear_Regression
[INFO] image size   : 28
=======================================================================
fine-tuned model original    image accuracy : 88.070938%
fine-tuned model adversarial image accuracy : 98.818069%

=======================================================================
[INFO] fine-tuning with adversarial images
[INFO] batch_size : 64, lr : 0.0001, img_size: 28
[INFO] epochs : 1
[INFO] train with cuda
[INFO] getting data
[INFO] getting model ./weights/tmp.pt
Epoch: 0001 cost = 0.021317434
[INFO] saving model
[INFO] epochs : 24

[INFO] model      : ./weights/tmp.pt
[INFO] model name   : Basic_Linear_Regression
[INFO] image size   : 28

[INFO] model      : ./weights/tmp.pt
[INFO] model name   : Basic_Linear_Regression
[INFO] image size   : 28
=======================================================================
fine-tuned model original    image accuracy : 88.852158%
fine-tuned model adversarial image accuracy : 98.798050%

=======================================================================
[INFO] fine-tuning with adversarial images
[INFO] batch_size : 64, lr : 0.0001, img_size: 28
[INFO] epochs : 1
[INFO] train with cuda
[INFO] getting data
[INFO] getting model ./weights/tmp.pt
Epoch: 0001 cost = 0.019288333
[INFO] saving model
[INFO] epochs : 25

[INFO] model      : ./weights/tmp.pt
[INFO] model name   : Basic_Linear_Regression
[INFO] image size   : 28

[INFO] model      : ./weights/tmp.pt
[INFO] model name   : Basic_Linear_Regression
[INFO] image size   : 28
=======================================================================
fine-tuned model original    image accuracy : 86.388245%
fine-tuned model adversarial image accuracy : 98.868164%

=======================================================================
[INFO] fine-tuning with adversarial images
[INFO] batch_size : 64, lr : 0.0001, img_size: 28
[INFO] epochs : 1
[INFO] train with cuda
[INFO] getting data
[INFO] getting model ./weights/tmp.pt
Epoch: 0001 cost = 0.020296322
[INFO] saving model
[INFO] epochs : 26

[INFO] model      : ./weights/tmp.pt
[INFO] model name   : Basic_Linear_Regression
[INFO] image size   : 28

[INFO] model      : ./weights/tmp.pt
[INFO] model name   : Basic_Linear_Regression
[INFO] image size   : 28
=======================================================================
fine-tuned model original    image accuracy : 88.972351%
fine-tuned model adversarial image accuracy : 99.078484%

=======================================================================
[INFO] fine-tuning with adversarial images
[INFO] batch_size : 64, lr : 0.0001, img_size: 28
[INFO] epochs : 1
[INFO] train with cuda
[INFO] getting data
[INFO] getting model ./weights/tmp.pt
Epoch: 0001 cost = 0.017454399
[INFO] saving model
[INFO] epochs : 27

[INFO] model      : ./weights/tmp.pt
[INFO] model name   : Basic_Linear_Regression
[INFO] image size   : 28

[INFO] model      : ./weights/tmp.pt
[INFO] model name   : Basic_Linear_Regression
[INFO] image size   : 28
=======================================================================
fine-tuned model original    image accuracy : 88.171089%
fine-tuned model adversarial image accuracy : 98.988358%

=======================================================================
[INFO] fine-tuning with adversarial images
[INFO] batch_size : 64, lr : 0.0001, img_size: 28
[INFO] epochs : 1
[INFO] train with cuda
[INFO] getting data
[INFO] getting model ./weights/tmp.pt
Epoch: 0001 cost = 0.018030310
[INFO] saving model
[INFO] epochs : 28

[INFO] model      : ./weights/tmp.pt
[INFO] model name   : Basic_Linear_Regression
[INFO] image size   : 28

[INFO] model      : ./weights/tmp.pt
[INFO] model name   : Basic_Linear_Regression
[INFO] image size   : 28
=======================================================================
fine-tuned model original    image accuracy : 85.677086%
fine-tuned model adversarial image accuracy : 98.918243%

=======================================================================
[INFO] fine-tuning with adversarial images
[INFO] batch_size : 64, lr : 0.0001, img_size: 28
[INFO] epochs : 1
[INFO] train with cuda
[INFO] getting data
[INFO] getting model ./weights/tmp.pt
Epoch: 0001 cost = 0.018184992
[INFO] saving model
[INFO] epochs : 29

[INFO] model      : ./weights/tmp.pt
[INFO] model name   : Basic_Linear_Regression
[INFO] image size   : 28

[INFO] model      : ./weights/tmp.pt
[INFO] model name   : Basic_Linear_Regression
[INFO] image size   : 28
=======================================================================
fine-tuned model original    image accuracy : 87.039291%
fine-tuned model adversarial image accuracy : 98.948288%

=======================================================================
[INFO] fine-tuning with adversarial images
[INFO] batch_size : 64, lr : 0.0001, img_size: 28
[INFO] epochs : 1
[INFO] train with cuda
[INFO] getting data
[INFO] getting model ./weights/tmp.pt
Epoch: 0001 cost = 0.017030932
[INFO] saving model
[INFO] epochs : 30

[INFO] model      : ./weights/tmp.pt
[INFO] model name   : Basic_Linear_Regression
[INFO] image size   : 28

[INFO] model      : ./weights/tmp.pt
[INFO] model name   : Basic_Linear_Regression
[INFO] image size   : 28
=======================================================================
fine-tuned model original    image accuracy : 84.224754%
fine-tuned model adversarial image accuracy : 99.078506%

=======================================================================
[INFO] graph saved in path ./fine-tuned/Basic_Linear_Regression.jpg
