[INFO] train with origin data
[INFO] model name : VOneBlock-bottle-to-32-ConvNet
[INFO] batch_size : 64, lr : 0.001, img_size: 28
[INFO] epochs : 10
train with cuda
Neuronal distributions gabor parameters
gabor filter kernel size : 25
gabor filter kernel size : 25
Model:  convnet-mnist
optimizer       : Adam
cost function   : CrossEntropyLoss
Epoch: 0001 cost = 0.194518
Epoch: 0002 cost = 0.087651
Epoch: 0003 cost = 0.078927
Epoch: 0004 cost = 0.070919
Epoch: 0005 cost = 0.065602
Epoch: 0006 cost = 0.062775
Epoch: 0007 cost = 0.063248
Epoch: 0008 cost = 0.059187
Epoch: 0009 cost = 0.053075
Epoch: 0010 cost = 0.054449
save model safely weights/VOneBlock-bottle-to-32-ConvNet-epochs-10.pt
