[INFO] validation start
[INFO] epochs:30, pre_trained:True, img_size:28
[INFO] model name : VOneBasic-CNN
[INFO] saving pre-trained model to ./weights/tmp.pt
cp ./weights/VOneBlock-bottle-to-32/VOneBlock-bottle-to-32-Basic_CNN-epochs-10.pt ./weights/tmp.pt
[INFO] fine-tune VOneBasic-CNN via tmp.pt
[INFO] epochs : 1
=======================================================================
fine-tuned model original    image accuracy : 98.908203%
fine-tuned model adversarial image accuracy : 95.292450%

=======================================================================
[INFO] fine-tuning with adversarial images
[INFO] batch_size : 64, lr : 0.0001, img_size: 28
[INFO] train with cuda
[INFO] saving model in path, ./weights/tmp.pt
[INFO] epochs : 2
=======================================================================
fine-tuned model original    image accuracy : 98.868134%
fine-tuned model adversarial image accuracy : 97.415825%

=======================================================================
[INFO] fine-tuning with adversarial images
[INFO] batch_size : 64, lr : 0.0001, img_size: 28
[INFO] train with cuda
[INFO] saving model in path, ./weights/tmp.pt
[INFO] epochs : 3
=======================================================================
fine-tuned model original    image accuracy : 98.948273%
fine-tuned model adversarial image accuracy : 97.716316%

=======================================================================
[INFO] fine-tuning with adversarial images
[INFO] batch_size : 64, lr : 0.0001, img_size: 28
[INFO] train with cuda
[INFO] saving model in path, ./weights/tmp.pt
[INFO] epochs : 4
=======================================================================
fine-tuned model original    image accuracy : 99.008377%
fine-tuned model adversarial image accuracy : 98.187042%

=======================================================================
[INFO] fine-tuning with adversarial images
[INFO] batch_size : 64, lr : 0.0001, img_size: 28
[INFO] train with cuda
[INFO] saving model in path, ./weights/tmp.pt
[INFO] epochs : 5
=======================================================================
fine-tuned model original    image accuracy : 99.108505%
fine-tuned model adversarial image accuracy : 98.227135%

=======================================================================
[INFO] fine-tuning with adversarial images
[INFO] batch_size : 64, lr : 0.0001, img_size: 28
[INFO] train with cuda
[INFO] saving model in path, ./weights/tmp.pt
[INFO] epochs : 6
=======================================================================
fine-tuned model original    image accuracy : 98.998344%
fine-tuned model adversarial image accuracy : 98.177055%

=======================================================================
[INFO] fine-tuning with adversarial images
[INFO] batch_size : 64, lr : 0.0001, img_size: 28
[INFO] train with cuda
[INFO] saving model in path, ./weights/tmp.pt
[INFO] epochs : 7
=======================================================================
fine-tuned model original    image accuracy : 99.038406%
fine-tuned model adversarial image accuracy : 98.357323%

=======================================================================
[INFO] fine-tuning with adversarial images
[INFO] batch_size : 64, lr : 0.0001, img_size: 28
[INFO] train with cuda
[INFO] saving model in path, ./weights/tmp.pt
[INFO] epochs : 8
=======================================================================
fine-tuned model original    image accuracy : 99.058441%
fine-tuned model adversarial image accuracy : 98.407402%

=======================================================================
[INFO] fine-tuning with adversarial images
[INFO] batch_size : 64, lr : 0.0001, img_size: 28
[INFO] train with cuda
[INFO] saving model in path, ./weights/tmp.pt
[INFO] epochs : 9
=======================================================================
fine-tuned model original    image accuracy : 99.128555%
fine-tuned model adversarial image accuracy : 98.327271%

=======================================================================
[INFO] fine-tuning with adversarial images
[INFO] batch_size : 64, lr : 0.0001, img_size: 28
[INFO] train with cuda
[INFO] saving model in path, ./weights/tmp.pt
[INFO] epochs : 10
=======================================================================
fine-tuned model original    image accuracy : 99.058441%
fine-tuned model adversarial image accuracy : 98.647789%

=======================================================================
[INFO] fine-tuning with adversarial images
[INFO] batch_size : 64, lr : 0.0001, img_size: 28
[INFO] train with cuda
[INFO] saving model in path, ./weights/tmp.pt
[INFO] epochs : 11
=======================================================================
fine-tuned model original    image accuracy : 99.178635%
fine-tuned model adversarial image accuracy : 98.637787%

=======================================================================
[INFO] fine-tuning with adversarial images
[INFO] batch_size : 64, lr : 0.0001, img_size: 28
[INFO] train with cuda
[INFO] saving model in path, ./weights/tmp.pt
[INFO] epochs : 12
=======================================================================
fine-tuned model original    image accuracy : 99.248734%
fine-tuned model adversarial image accuracy : 98.517586%

=======================================================================
[INFO] fine-tuning with adversarial images
[INFO] batch_size : 64, lr : 0.0001, img_size: 28
[INFO] train with cuda
[INFO] saving model in path, ./weights/tmp.pt
[INFO] epochs : 13
=======================================================================
fine-tuned model original    image accuracy : 99.178627%
fine-tuned model adversarial image accuracy : 98.447464%

=======================================================================
[INFO] fine-tuning with adversarial images
[INFO] batch_size : 64, lr : 0.0001, img_size: 28
[INFO] train with cuda
[INFO] saving model in path, ./weights/tmp.pt
[INFO] epochs : 14
=======================================================================
fine-tuned model original    image accuracy : 99.288803%
fine-tuned model adversarial image accuracy : 98.567657%

=======================================================================
[INFO] fine-tuning with adversarial images
[INFO] batch_size : 64, lr : 0.0001, img_size: 28
[INFO] train with cuda
[INFO] saving model in path, ./weights/tmp.pt
[INFO] epochs : 15
=======================================================================
fine-tuned model original    image accuracy : 99.268776%
fine-tuned model adversarial image accuracy : 98.587708%

=======================================================================
[INFO] fine-tuning with adversarial images
[INFO] batch_size : 64, lr : 0.0001, img_size: 28
[INFO] train with cuda
[INFO] saving model in path, ./weights/tmp.pt
[INFO] epochs : 16
=======================================================================
fine-tuned model original    image accuracy : 99.238724%
fine-tuned model adversarial image accuracy : 98.617737%

=======================================================================
[INFO] fine-tuning with adversarial images
[INFO] batch_size : 64, lr : 0.0001, img_size: 28
[INFO] train with cuda
[INFO] saving model in path, ./weights/tmp.pt
[INFO] epochs : 17
=======================================================================
fine-tuned model original    image accuracy : 99.208679%
fine-tuned model adversarial image accuracy : 98.818054%

=======================================================================
[INFO] fine-tuning with adversarial images
[INFO] batch_size : 64, lr : 0.0001, img_size: 28
[INFO] train with cuda
[INFO] saving model in path, ./weights/tmp.pt
[INFO] epochs : 18
=======================================================================
fine-tuned model original    image accuracy : 99.208679%
fine-tuned model adversarial image accuracy : 98.597717%

=======================================================================
[INFO] fine-tuning with adversarial images
[INFO] batch_size : 64, lr : 0.0001, img_size: 28
[INFO] train with cuda
[INFO] saving model in path, ./weights/tmp.pt
[INFO] epochs : 19
=======================================================================
fine-tuned model original    image accuracy : 99.198654%
fine-tuned model adversarial image accuracy : 98.607727%

=======================================================================
[INFO] fine-tuning with adversarial images
[INFO] batch_size : 64, lr : 0.0001, img_size: 28
[INFO] train with cuda
[INFO] saving model in path, ./weights/tmp.pt
[INFO] epochs : 20
=======================================================================
fine-tuned model original    image accuracy : 99.268776%
fine-tuned model adversarial image accuracy : 98.868149%

=======================================================================
[INFO] fine-tuning with adversarial images
[INFO] batch_size : 64, lr : 0.0001, img_size: 28
[INFO] train with cuda
[INFO] saving model in path, ./weights/tmp.pt
[INFO] epochs : 21
=======================================================================
fine-tuned model original    image accuracy : 99.258766%
fine-tuned model adversarial image accuracy : 98.757973%

=======================================================================
[INFO] fine-tuning with adversarial images
[INFO] batch_size : 64, lr : 0.0001, img_size: 28
[INFO] train with cuda
[INFO] saving model in path, ./weights/tmp.pt
[INFO] epochs : 22
=======================================================================
fine-tuned model original    image accuracy : 99.098495%
fine-tuned model adversarial image accuracy : 98.637779%

=======================================================================
[INFO] fine-tuning with adversarial images
[INFO] batch_size : 64, lr : 0.0001, img_size: 28
[INFO] train with cuda
[INFO] saving model in path, ./weights/tmp.pt
[INFO] epochs : 23
=======================================================================
fine-tuned model original    image accuracy : 99.338882%
fine-tuned model adversarial image accuracy : 98.647797%

=======================================================================
[INFO] fine-tuning with adversarial images
[INFO] batch_size : 64, lr : 0.0001, img_size: 28
[INFO] train with cuda
[INFO] saving model in path, ./weights/tmp.pt
[INFO] epochs : 24
=======================================================================
fine-tuned model original    image accuracy : 99.308823%
fine-tuned model adversarial image accuracy : 98.908211%

=======================================================================
[INFO] fine-tuning with adversarial images
[INFO] batch_size : 64, lr : 0.0001, img_size: 28
[INFO] train with cuda
[INFO] saving model in path, ./weights/tmp.pt
[INFO] epochs : 25
=======================================================================
fine-tuned model original    image accuracy : 99.188660%
fine-tuned model adversarial image accuracy : 98.848122%

=======================================================================
[INFO] fine-tuning with adversarial images
[INFO] batch_size : 64, lr : 0.0001, img_size: 28
[INFO] train with cuda
[INFO] saving model in path, ./weights/tmp.pt
[INFO] epochs : 26
=======================================================================
fine-tuned model original    image accuracy : 99.218697%
fine-tuned model adversarial image accuracy : 98.627754%

=======================================================================
[INFO] fine-tuning with adversarial images
[INFO] batch_size : 64, lr : 0.0001, img_size: 28
[INFO] train with cuda
[INFO] saving model in path, ./weights/tmp.pt
[INFO] epochs : 27
=======================================================================
fine-tuned model original    image accuracy : 99.188637%
fine-tuned model adversarial image accuracy : 98.757965%

=======================================================================
[INFO] fine-tuning with adversarial images
[INFO] batch_size : 64, lr : 0.0001, img_size: 28
[INFO] train with cuda
[INFO] saving model in path, ./weights/tmp.pt
[INFO] epochs : 28
=======================================================================
fine-tuned model original    image accuracy : 99.208672%
fine-tuned model adversarial image accuracy : 98.707893%

=======================================================================
[INFO] fine-tuning with adversarial images
[INFO] batch_size : 64, lr : 0.0001, img_size: 28
[INFO] train with cuda
[INFO] saving model in path, ./weights/tmp.pt
[INFO] epochs : 29
=======================================================================
fine-tuned model original    image accuracy : 99.218697%
fine-tuned model adversarial image accuracy : 98.677841%

=======================================================================
[INFO] fine-tuning with adversarial images
[INFO] batch_size : 64, lr : 0.0001, img_size: 28
[INFO] train with cuda
[INFO] saving model in path, ./weights/tmp.pt
[INFO] epochs : 30
=======================================================================
fine-tuned model original    image accuracy : 99.238731%
fine-tuned model adversarial image accuracy : 98.848114%

=======================================================================
[INFO] graph saved in path ./final-report/VOneBlock-bottle-to-32/fine-tuned/VOneBasic-CNN.jpg
