[INFO] validation start
[INFO] epochs:30, pre_trained:True, img_size:28
[INFO] model name : VOneConvNet
[INFO] saving pre-trained model to ./weights/tmp.pt
cp ./weights/VOneBlock-bottle-to-32/VOneBlock-bottle-to-32-ConvNet-epochs-10.pt ./weights/tmp.pt
[INFO] fine-tune VOneConvNet via tmp.pt
[INFO] epochs : 1
=======================================================================
fine-tuned model original    image accuracy : 98.397430%
fine-tuned model adversarial image accuracy : 93.389412%

=======================================================================
[INFO] fine-tuning with adversarial images
[INFO] batch_size : 64, lr : 0.0001, img_size: 28
[INFO] train with cuda
[INFO] saving model in path, ./weights/tmp.pt
[INFO] epochs : 2
=======================================================================
fine-tuned model original    image accuracy : 99.128548%
fine-tuned model adversarial image accuracy : 97.646202%

=======================================================================
[INFO] fine-tuning with adversarial images
[INFO] batch_size : 64, lr : 0.0001, img_size: 28
[INFO] train with cuda
[INFO] saving model in path, ./weights/tmp.pt
[INFO] epochs : 3
=======================================================================
fine-tuned model original    image accuracy : 99.178642%
fine-tuned model adversarial image accuracy : 98.046829%

=======================================================================
[INFO] fine-tuning with adversarial images
[INFO] batch_size : 64, lr : 0.0001, img_size: 28
[INFO] train with cuda
[INFO] saving model in path, ./weights/tmp.pt
[INFO] epochs : 4
=======================================================================
fine-tuned model original    image accuracy : 99.148598%
fine-tuned model adversarial image accuracy : 98.116982%

=======================================================================
[INFO] fine-tuning with adversarial images
[INFO] batch_size : 64, lr : 0.0001, img_size: 28
[INFO] train with cuda
[INFO] saving model in path, ./weights/tmp.pt
[INFO] epochs : 5
=======================================================================
fine-tuned model original    image accuracy : 99.238731%
fine-tuned model adversarial image accuracy : 98.347298%

=======================================================================
[INFO] fine-tuning with adversarial images
[INFO] batch_size : 64, lr : 0.0001, img_size: 28
[INFO] train with cuda
[INFO] saving model in path, ./weights/tmp.pt
[INFO] epochs : 6
=======================================================================
fine-tuned model original    image accuracy : 99.138557%
fine-tuned model adversarial image accuracy : 98.337296%

=======================================================================
[INFO] fine-tuning with adversarial images
[INFO] batch_size : 64, lr : 0.0001, img_size: 28
[INFO] train with cuda
[INFO] saving model in path, ./weights/tmp.pt
[INFO] epochs : 7
=======================================================================
fine-tuned model original    image accuracy : 99.198669%
fine-tuned model adversarial image accuracy : 98.437462%

=======================================================================
[INFO] fine-tuning with adversarial images
[INFO] batch_size : 64, lr : 0.0001, img_size: 28
[INFO] train with cuda
[INFO] saving model in path, ./weights/tmp.pt
[INFO] epochs : 8
=======================================================================
fine-tuned model original    image accuracy : 99.228722%
fine-tuned model adversarial image accuracy : 98.607735%

=======================================================================
[INFO] fine-tuning with adversarial images
[INFO] batch_size : 64, lr : 0.0001, img_size: 28
[INFO] train with cuda
[INFO] saving model in path, ./weights/tmp.pt
[INFO] epochs : 9
=======================================================================
fine-tuned model original    image accuracy : 99.258766%
fine-tuned model adversarial image accuracy : 98.507576%

=======================================================================
[INFO] fine-tuning with adversarial images
[INFO] batch_size : 64, lr : 0.0001, img_size: 28
[INFO] train with cuda
[INFO] saving model in path, ./weights/tmp.pt
[INFO] epochs : 10
=======================================================================
fine-tuned model original    image accuracy : 99.248749%
fine-tuned model adversarial image accuracy : 98.487556%

=======================================================================
[INFO] fine-tuning with adversarial images
[INFO] batch_size : 64, lr : 0.0001, img_size: 28
[INFO] train with cuda
[INFO] saving model in path, ./weights/tmp.pt
[INFO] epochs : 11
=======================================================================
fine-tuned model original    image accuracy : 99.188660%
fine-tuned model adversarial image accuracy : 98.487541%

=======================================================================
[INFO] fine-tuning with adversarial images
[INFO] batch_size : 64, lr : 0.0001, img_size: 28
[INFO] train with cuda
[INFO] saving model in path, ./weights/tmp.pt
[INFO] epochs : 12
=======================================================================
fine-tuned model original    image accuracy : 99.288803%
fine-tuned model adversarial image accuracy : 98.657799%

=======================================================================
[INFO] fine-tuning with adversarial images
[INFO] batch_size : 64, lr : 0.0001, img_size: 28
[INFO] train with cuda
[INFO] saving model in path, ./weights/tmp.pt
[INFO] epochs : 13
=======================================================================
fine-tuned model original    image accuracy : 99.208679%
fine-tuned model adversarial image accuracy : 98.647804%

=======================================================================
[INFO] fine-tuning with adversarial images
[INFO] batch_size : 64, lr : 0.0001, img_size: 28
[INFO] train with cuda
[INFO] saving model in path, ./weights/tmp.pt
[INFO] epochs : 14
=======================================================================
fine-tuned model original    image accuracy : 99.228706%
fine-tuned model adversarial image accuracy : 98.657822%

=======================================================================
[INFO] fine-tuning with adversarial images
[INFO] batch_size : 64, lr : 0.0001, img_size: 28
[INFO] train with cuda
[INFO] saving model in path, ./weights/tmp.pt
[INFO] epochs : 15
=======================================================================
fine-tuned model original    image accuracy : 99.248741%
fine-tuned model adversarial image accuracy : 98.737946%

=======================================================================
[INFO] fine-tuning with adversarial images
[INFO] batch_size : 64, lr : 0.0001, img_size: 28
[INFO] train with cuda
[INFO] saving model in path, ./weights/tmp.pt
[INFO] epochs : 16
=======================================================================
fine-tuned model original    image accuracy : 99.228714%
fine-tuned model adversarial image accuracy : 98.547630%

=======================================================================
[INFO] fine-tuning with adversarial images
[INFO] batch_size : 64, lr : 0.0001, img_size: 28
[INFO] train with cuda
[INFO] saving model in path, ./weights/tmp.pt
[INFO] epochs : 17
=======================================================================
fine-tuned model original    image accuracy : 99.168625%
fine-tuned model adversarial image accuracy : 98.597717%

=======================================================================
[INFO] fine-tuning with adversarial images
[INFO] batch_size : 64, lr : 0.0001, img_size: 28
[INFO] train with cuda
[INFO] saving model in path, ./weights/tmp.pt
[INFO] epochs : 18
=======================================================================
fine-tuned model original    image accuracy : 99.268776%
fine-tuned model adversarial image accuracy : 98.697868%

=======================================================================
[INFO] fine-tuning with adversarial images
[INFO] batch_size : 64, lr : 0.0001, img_size: 28
[INFO] train with cuda
[INFO] saving model in path, ./weights/tmp.pt
[INFO] epochs : 19
=======================================================================
fine-tuned model original    image accuracy : 99.208679%
fine-tuned model adversarial image accuracy : 98.747963%

=======================================================================
[INFO] fine-tuning with adversarial images
[INFO] batch_size : 64, lr : 0.0001, img_size: 28
[INFO] train with cuda
[INFO] saving model in path, ./weights/tmp.pt
[INFO] epochs : 20
=======================================================================
fine-tuned model original    image accuracy : 99.038422%
fine-tuned model adversarial image accuracy : 98.577705%

=======================================================================
[INFO] fine-tuning with adversarial images
[INFO] batch_size : 64, lr : 0.0001, img_size: 28
[INFO] train with cuda
[INFO] saving model in path, ./weights/tmp.pt
[INFO] epochs : 21
=======================================================================
fine-tuned model original    image accuracy : 99.188660%
fine-tuned model adversarial image accuracy : 98.617729%

=======================================================================
[INFO] fine-tuning with adversarial images
[INFO] batch_size : 64, lr : 0.0001, img_size: 28
[INFO] train with cuda
[INFO] saving model in path, ./weights/tmp.pt
[INFO] epochs : 22
=======================================================================
fine-tuned model original    image accuracy : 99.148582%
fine-tuned model adversarial image accuracy : 98.637802%

=======================================================================
[INFO] fine-tuning with adversarial images
[INFO] batch_size : 64, lr : 0.0001, img_size: 28
[INFO] train with cuda
[INFO] saving model in path, ./weights/tmp.pt
[INFO] epochs : 23
=======================================================================
fine-tuned model original    image accuracy : 99.218704%
fine-tuned model adversarial image accuracy : 98.637772%

=======================================================================
[INFO] fine-tuning with adversarial images
[INFO] batch_size : 64, lr : 0.0001, img_size: 28
[INFO] train with cuda
[INFO] saving model in path, ./weights/tmp.pt
[INFO] epochs : 24
=======================================================================
fine-tuned model original    image accuracy : 99.238724%
fine-tuned model adversarial image accuracy : 98.737946%

=======================================================================
[INFO] fine-tuning with adversarial images
[INFO] batch_size : 64, lr : 0.0001, img_size: 28
[INFO] train with cuda
[INFO] saving model in path, ./weights/tmp.pt
[INFO] epochs : 25
=======================================================================
fine-tuned model original    image accuracy : 99.228722%
fine-tuned model adversarial image accuracy : 98.727921%

=======================================================================
[INFO] fine-tuning with adversarial images
[INFO] batch_size : 64, lr : 0.0001, img_size: 28
[INFO] train with cuda
[INFO] saving model in path, ./weights/tmp.pt
[INFO] epochs : 26
=======================================================================
fine-tuned model original    image accuracy : 99.248734%
fine-tuned model adversarial image accuracy : 98.637787%

=======================================================================
[INFO] fine-tuning with adversarial images
[INFO] batch_size : 64, lr : 0.0001, img_size: 28
[INFO] train with cuda
[INFO] saving model in path, ./weights/tmp.pt
[INFO] epochs : 27
=======================================================================
fine-tuned model original    image accuracy : 99.338898%
fine-tuned model adversarial image accuracy : 98.637772%

=======================================================================
[INFO] fine-tuning with adversarial images
[INFO] batch_size : 64, lr : 0.0001, img_size: 28
[INFO] train with cuda
[INFO] saving model in path, ./weights/tmp.pt
[INFO] epochs : 28
=======================================================================
fine-tuned model original    image accuracy : 99.368942%
fine-tuned model adversarial image accuracy : 98.838097%

=======================================================================
[INFO] fine-tuning with adversarial images
[INFO] batch_size : 64, lr : 0.0001, img_size: 28
[INFO] train with cuda
[INFO] saving model in path, ./weights/tmp.pt
[INFO] epochs : 29
=======================================================================
fine-tuned model original    image accuracy : 99.348892%
fine-tuned model adversarial image accuracy : 98.858139%

=======================================================================
[INFO] fine-tuning with adversarial images
[INFO] batch_size : 64, lr : 0.0001, img_size: 28
[INFO] train with cuda
[INFO] saving model in path, ./weights/tmp.pt
[INFO] epochs : 30
=======================================================================
fine-tuned model original    image accuracy : 99.298820%
fine-tuned model adversarial image accuracy : 98.818069%

=======================================================================
[INFO] graph saved in path ./final-report/VOneBlock-bottle-to-32/fine-tuned/VOneConvNet.jpg
