[INFO] train with origin data
[INFO] model name : VOneBlock-bottle-to-32-Basic_CNN
[INFO] batch_size : 64, lr : 0.001, img_size: 28
[INFO] epochs : 10
train with cuda
Neuronal distributions gabor parameters
gabor filter kernel size : 25
gabor filter kernel size : 25
Model:  basic-cnn
optimizer       : Adam
cost function   : CrossEntropyLoss
Epoch: 0001 cost = 0.235694
Epoch: 0002 cost = 0.075255
Epoch: 0003 cost = 0.063697
Epoch: 0004 cost = 0.056564
Epoch: 0005 cost = 0.054494
Epoch: 0006 cost = 0.049562
Epoch: 0007 cost = 0.049119
Epoch: 0008 cost = 0.048048
Epoch: 0009 cost = 0.045721
Epoch: 0010 cost = 0.045875
save model safely weights/VOneBlock-bottle-to-32/VOneBlock-bottle-to-32-Basic_CNN-epochs-10.pt
