[INFO] train with origin data
[INFO] model name : VOneBlock-bottle-to-32-Basic-Linear-Regression
[INFO] batch_size : 64, lr : 0.001, img_size: 28
[INFO] epochs : 30
train with cuda
Neuronal distributions gabor parameters
gabor filter kernel size : 25
gabor filter kernel size : 25
Model:  basic-linear-regression
optimizer       : Adam
cost function   : CrossEntropyLoss
Epoch: 0001 cost = 2.525155
Epoch: 0002 cost = 0.125303
Epoch: 0003 cost = 0.116399
Epoch: 0004 cost = 0.140430
Epoch: 0005 cost = 0.178758
Epoch: 0006 cost = 0.201114
Epoch: 0007 cost = 0.206357
Epoch: 0008 cost = 0.192187
Epoch: 0009 cost = 0.209153
Epoch: 0010 cost = 0.217008
Epoch: 0011 cost = 0.227048
Epoch: 0012 cost = 0.225041
Epoch: 0013 cost = 0.241283
Epoch: 0014 cost = 0.213972
Epoch: 0015 cost = 0.256281
Epoch: 0016 cost = 0.354453
Epoch: 0017 cost = 0.229454
Epoch: 0018 cost = 0.207872
Epoch: 0019 cost = 0.234324
Epoch: 0020 cost = 0.230839
Epoch: 0021 cost = 0.238718
Epoch: 0022 cost = 0.244233
Epoch: 0023 cost = 0.281496
Epoch: 0024 cost = 0.229138
Epoch: 0025 cost = 0.261434
Epoch: 0026 cost = 0.279425
Epoch: 0027 cost = 0.315627
Epoch: 0028 cost = 0.256632
Epoch: 0029 cost = 0.321934
Epoch: 0030 cost = 0.326216
save model safely weights/VOneBlock-bottle-to-32/VOneBlock-bottle-to-32-Basic-Linear-Regression-epochs-10.pt
