[INFO] train with origin data
[INFO] model name : VOneBlock-bottle-to-64-Basic-CNN
[INFO] batch_size : 64, lr : 0.001, img_size: 28
[INFO] epochs : 10
train with cuda
Neuronal distributions gabor parameters
gabor filter kernel size : 25
gabor filter kernel size : 25
Model:  VOncBasic-cnn
optimizer       : Adam
cost function   : CrossEntropyLoss
Epoch: 0001 cost = 0.190276
Epoch: 0002 cost = 0.070714
Epoch: 0003 cost = 0.061029
Epoch: 0004 cost = 0.056917
Epoch: 0005 cost = 0.053682
Epoch: 0006 cost = 0.055380
Epoch: 0007 cost = 0.050372
Epoch: 0008 cost = 0.049000
Epoch: 0009 cost = 0.049137
Epoch: 0010 cost = 0.045558
save model safely in ./weights/VOneBlock-bottle-to-64/VOneBlock-bottle-to-64-Basic-CNN-epochs-10.pt
