[INFO] train with origin data
[INFO] model name : VOneBlock-bottle-to-64-AlexNet
[INFO] batch_size : 64, lr : 0.001, img_size: 28
[INFO] epochs : 10
train with cuda
Neuronal distributions gabor parameters
gabor filter kernel size : 25
gabor filter kernel size : 25
Model:  VOneAlexNet
optimizer       : Adam
cost function   : CrossEntropyLoss
Epoch: 0001 cost = 0.548392
Epoch: 0002 cost = 0.120171
Epoch: 0003 cost = 0.106718
Epoch: 0004 cost = 0.100037
Epoch: 0005 cost = 0.085237
Epoch: 0006 cost = 0.082082
Epoch: 0007 cost = 0.077955
Epoch: 0008 cost = 0.066822
Epoch: 0009 cost = 0.067989
Epoch: 0010 cost = 0.061463
save model safely in ./weights/VOneBlock-bottle-to-64/VOneBlock-bottle-to-64-AlexNet-epochs-10.pt
