[INFO] train with origin data
[INFO] model name : VOneBlock-bottle-to-64-Linear-Regression
[INFO] batch_size : 64, lr : 0.001, img_size: 28
[INFO] epochs : 10
train with cuda
Neuronal distributions gabor parameters
gabor filter kernel size : 25
gabor filter kernel size : 25
Model:  VOneBasic-linear-regression
optimizer       : Adam
cost function   : CrossEntropyLoss
Epoch: 0001 cost = 2.646662
Epoch: 0002 cost = 0.113085
Epoch: 0003 cost = 0.121426
Epoch: 0004 cost = 0.140773
Epoch: 0005 cost = 0.199634
Epoch: 0006 cost = 0.198243
Epoch: 0007 cost = 0.210988
Epoch: 0008 cost = 0.197791
Epoch: 0009 cost = 0.315508
Epoch: 0010 cost = 0.419597
save model safely in ./weights/VOneBlock-bottle-to-64/VOneBlock-bottle-to-64-Linear-Regression-epochs-10.pt
